#
# A fatal error has been detected by the Java Runtime Environment:
#
#  EXCEPTION_ACCESS_VIOLATION (0xc0000005) at pc=0x0000000000000000, pid=6960, tid=1896
#
# JRE version:  (11.0.7+10) (build )
# Java VM: OpenJDK 64-Bit Server VM (11.0.7+10-b944.20, mixed mode, tiered, compressed oops, g1 gc, windows-amd64)
# Problematic frame:
# C  0x0000000000000000
#
# No core dump will be written. Minidumps are not enabled by default on client versions of Windows
#
# If you would like to submit a bug report, please visit:
#   http://bugreport.java.com/bugreport/crash.jsp
# The crash happened outside the Java Virtual Machine in native code.
# See problematic frame for where to report the bug.
#

---------------  S U M M A R Y ------------

Command Line: org.jetbrains.git4idea.http.GitAskPassApp Username for 'https://github.com': 

Host: Intel(R) Core(TM)2 Quad CPU    Q9500  @ 2.83GHz, 4 cores, 3G,  Windows 10 , 64 bit Build 18362 (10.0.18362.959)
Time: Tue Sep  1 14:03:08 2020 RTZ 2 (ceia) elapsed time: 0 seconds (0d 0h 0m 0s)

---------------  T H R E A D  ---------------

Current thread (0x0000000002a5b800):  JavaThread "main" [_thread_in_native, id=1896, stack(0x0000000002130000,0x0000000002230000)]

Stack: [0x0000000002130000,0x0000000002230000],  sp=0x000000000222ede8,  free space=1019k
Native frames: (J=compiled Java code, j=interpreted, Vv=VM code, C=native code)

Java frames: (J=compiled Java code, j=interpreted, Vv=VM code)
j  java.lang.System.initProperties(Ljava/util/Properties;)Ljava/util/Properties;+0 java.base
j  java.lang.System.initPhase1()V+15 java.base
v  ~StubRoutines::call_stub

siginfo: EXCEPTION_ACCESS_VIOLATION (0xc0000005), data execution prevention violation at address 0x0000000000000000


Register to memory mapping:

RIP=0x0 is NULL
RAX=0x0 is NULL
RBX=0x0 is NULL
RCX=0x0 is NULL
RDX=0x0000000000004028 is an unknown value
RSP=0x000000000222ede8 is pointing into the stack for thread: 0x0000000002a5b800
RBP=0x000000000222f160 is pointing into the stack for thread: 0x0000000002a5b800
RSI=0x0000000000000001 is an unknown value
RDI=0x000000001a23e601 points into unknown readable memory: 00 00 00 00 00 00 00
R8 =0x0 is NULL
R9 =0x0 is NULL
R10=0x00007fffd4ec60b9 ntdll.dll
R11=0x00000000004c9fe0 points into unknown readable memory: 00 00 00 00 00 00 00 00
R12=0x0000000000000001 is an unknown value
R13=0x00000000000047ba is an unknown value
R14=0x000000000000000a is an unknown value
R15=0x0000000000000774 is an unknown value


Registers:
RAX=0x0000000000000000, RBX=0x0000000000000000, RCX=0x0000000000000000, RDX=0x0000000000004028
RSP=0x000000000222ede8, RBP=0x000000000222f160, RSI=0x0000000000000001, RDI=0x000000001a23e601
R8 =0x0000000000000000, R9 =0x0000000000000000, R10=0x00007fffd4ec60b9, R11=0x00000000004c9fe0
R12=0x0000000000000001, R13=0x00000000000047ba, R14=0x000000000000000a, R15=0x0000000000000774
RIP=0x0000000000000000, EFLAGS=0x0000000000010206

Top of Stack: (sp=0x000000000222ede8)
0x000000000222ede8:   00007fffcd78cab7 0000000000000000
0x000000000222edf8:   0000000000004028 0000000000000000
0x000000000222ee08:   0000000000000000 000000000222ee30
0x000000000222ee18:   00007fffd4ebc43f 0000000080004005
0x000000000222ee28:   0000000000000020 0000000002ad7f70
0x000000000222ee38:   0000000000000003 00000000131b0000
0x000000000222ee48:   0000000000000001 0000000000000000
0x000000000222ee58:   0000000000181080 00007fffd4f9d550
0x000000000222ee68:   0000000000180000 00000000001802a8
0x000000000222ee78:   0000000000000000 0000000000000020
0x000000000222ee88:   0000000000180cc0 0000000000000000
0x000000000222ee98:   0000000000000000 000000000000000c
0x000000000222eea8:   0000000000000000 0000000000000000
0x000000000222eeb8:   0000000000000002 0000000000000020
0x000000000222eec8:   000000000222ef89 00000000004c0000
0x000000000222eed8:   00007fffd4ebb997 0000000000180000 

Instructions: (pc=0x0000000000000000)
0xffffffffffffff00:   


Stack slot to memory mapping:
stack at sp + 0 slots: 0x00007fffcd78cab7 java.dll
stack at sp + 1 slots: 0x0 is NULL
stack at sp + 2 slots: 0x0000000000004028 is an unknown value
stack at sp + 3 slots: 0x0 is NULL
stack at sp + 4 slots: 0x0 is NULL
stack at sp + 5 slots: 0x000000000222ee30 is pointing into the stack for thread: 0x0000000002a5b800
stack at sp + 6 slots: 0x00007fffd4ebc43f ntdll.dll
stack at sp + 7 slots: 0x0000000080004005 is an unknown value


---------------  P R O C E S S  ---------------

Threads class SMR info:
_java_thread_list=0x000000001a224270, length=3, elements={
0x0000000002a5b800, 0x000000001a22f000, 0x000000001a238800
}

Java Threads: ( => current thread )
=>0x0000000002a5b800 JavaThread "main" [_thread_in_native, id=1896, stack(0x0000000002130000,0x0000000002230000)]
  0x000000001a22f000 JavaThread "Reference Handler" daemon [_thread_blocked, id=7988, stack(0x000000001afc0000,0x000000001b0c0000)]
  0x000000001a238800 JavaThread "Finalizer" daemon [_thread_blocked, id=12692, stack(0x000000001b0c0000,0x000000001b1c0000)]

Other Threads:
  0x000000001a22b000 VMThread "VM Thread" [stack: 0x000000001aec0000,0x000000001afc0000] [id=4028]
  0x0000000002a75800 GCTaskThread "GC Thread#0" [stack: 0x0000000002410000,0x0000000002510000] [id=13184]
  0x0000000002a93000 ConcurrentGCThread "G1 Main Marker" [stack: 0x0000000017880000,0x0000000017980000] [id=9920]
  0x0000000002a94000 ConcurrentGCThread "G1 Conc#0" [stack: 0x0000000017980000,0x0000000017a80000] [id=7776]
  0x0000000002aed800 ConcurrentGCThread "G1 Refine#0" [stack: 0x0000000019ec0000,0x0000000019fc0000] [id=1796]
  0x0000000002aee800 ConcurrentGCThread "G1 Young RemSet Sampling" [stack: 0x0000000019fc0000,0x000000001a0c0000] [id=6928]

Threads with active compile tasks:

VM state:not at safepoint (normal execution)

VM Mutex/Monitor currently owned by a thread: None

Heap address: 0x00000000c0000000, size: 1024 MB, Compressed Oops mode: 32-bit
Narrow klass base: 0x0000000000000000, Narrow klass shift: 3
Compressed class space size: 1073741824 Address: 0x0000000100000000

Heap:
 garbage-first heap   total 65536K, used 0K [0x00000000c0000000, 0x0000000100000000)
  region size 1024K, 1 young (1024K), 0 survivors (0K)
 Metaspace       used 1506K, capacity 1800K, committed 1920K, reserved 1060864K
  class space    used 119K, capacity 384K, committed 384K, reserved 1048576K
Heap Regions: E=young(eden), S=young(survivor), O=old, HS=humongous(starts), HC=humongous(continues), CS=collection set, F=free, A=archive, TAMS=top-at-mark-start (previous, next)
|   0|0x00000000c0000000, 0x00000000c0000000, 0x00000000c0100000|  0%| F|  |TAMS 0x00000000c0000000, 0x00000000c0000000| Untracked 
|   1|0x00000000c0100000, 0x00000000c0100000, 0x00000000c0200000|  0%| F|  |TAMS 0x00000000c0100000, 0x00000000c0100000| Untracked 
|   2|0x00000000c0200000, 0x00000000c0200000, 0x00000000c0300000|  0%| F|  |TAMS 0x00000000c0200000, 0x00000000c0200000| Untracked 
|   3|0x00000000c0300000, 0x00000000c0300000, 0x00000000c0400000|  0%| F|  |TAMS 0x00000000c0300000, 0x00000000c0300000| Untracked 
|   4|0x00000000c0400000, 0x00000000c0400000, 0x00000000c0500000|  0%| F|  |TAMS 0x00000000c0400000, 0x00000000c0400000| Untracked 
|   5|0x00000000c0500000, 0x00000000c0500000, 0x00000000c0600000|  0%| F|  |TAMS 0x00000000c0500000, 0x00000000c0500000| Untracked 
|   6|0x00000000c0600000, 0x00000000c0600000, 0x00000000c0700000|  0%| F|  |TAMS 0x00000000c0600000, 0x00000000c0600000| Untracked 
|   7|0x00000000c0700000, 0x00000000c0700000, 0x00000000c0800000|  0%| F|  |TAMS 0x00000000c0700000, 0x00000000c0700000| Untracked 
|   8|0x00000000c0800000, 0x00000000c0800000, 0x00000000c0900000|  0%| F|  |TAMS 0x00000000c0800000, 0x00000000c0800000| Untracked 
|   9|0x00000000c0900000, 0x00000000c0900000, 0x00000000c0a00000|  0%| F|  |TAMS 0x00000000c0900000, 0x00000000c0900000| Untracked 
|  10|0x00000000c0a00000, 0x00000000c0a00000, 0x00000000c0b00000|  0%| F|  |TAMS 0x00000000c0a00000, 0x00000000c0a00000| Untracked 
|  11|0x00000000c0b00000, 0x00000000c0b00000, 0x00000000c0c00000|  0%| F|  |TAMS 0x00000000c0b00000, 0x00000000c0b00000| Untracked 
|  12|0x00000000c0c00000, 0x00000000c0c00000, 0x00000000c0d00000|  0%| F|  |TAMS 0x00000000c0c00000, 0x00000000c0c00000| Untracked 
|  13|0x00000000c0d00000, 0x00000000c0d00000, 0x00000000c0e00000|  0%| F|  |TAMS 0x00000000c0d00000, 0x00000000c0d00000| Untracked 
|  14|0x00000000c0e00000, 0x00000000c0e00000, 0x00000000c0f00000|  0%| F|  |TAMS 0x00000000c0e00000, 0x00000000c0e00000| Untracked 
|  15|0x00000000c0f00000, 0x00000000c0f00000, 0x00000000c1000000|  0%| F|  |TAMS 0x00000000c0f00000, 0x00000000c0f00000| Untracked 
|  16|0x00000000c1000000, 0x00000000c1000000, 0x00000000c1100000|  0%| F|  |TAMS 0x00000000c1000000, 0x00000000c1000000| Untracked 
|  17|0x00000000c1100000, 0x00000000c1100000, 0x00000000c1200000|  0%| F|  |TAMS 0x00000000c1100000, 0x00000000c1100000| Untracked 
|  18|0x00000000c1200000, 0x00000000c1200000, 0x00000000c1300000|  0%| F|  |TAMS 0x00000000c1200000, 0x00000000c1200000| Untracked 
|  19|0x00000000c1300000, 0x00000000c1300000, 0x00000000c1400000|  0%| F|  |TAMS 0x00000000c1300000, 0x00000000c1300000| Untracked 
|  20|0x00000000c1400000, 0x00000000c1400000, 0x00000000c1500000|  0%| F|  |TAMS 0x00000000c1400000, 0x00000000c1400000| Untracked 
|  21|0x00000000c1500000, 0x00000000c1500000, 0x00000000c1600000|  0%| F|  |TAMS 0x00000000c1500000, 0x00000000c1500000| Untracked 
|  22|0x00000000c1600000, 0x00000000c1600000, 0x00000000c1700000|  0%| F|  |TAMS 0x00000000c1600000, 0x00000000c1600000| Untracked 
|  23|0x00000000c1700000, 0x00000000c1700000, 0x00000000c1800000|  0%| F|  |TAMS 0x00000000c1700000, 0x00000000c1700000| Untracked 
|  24|0x00000000c1800000, 0x00000000c1800000, 0x00000000c1900000|  0%| F|  |TAMS 0x00000000c1800000, 0x00000000c1800000| Untracked 
|  25|0x00000000c1900000, 0x00000000c1900000, 0x00000000c1a00000|  0%| F|  |TAMS 0x00000000c1900000, 0x00000000c1900000| Untracked 
|  26|0x00000000c1a00000, 0x00000000c1a00000, 0x00000000c1b00000|  0%| F|  |TAMS 0x00000000c1a00000, 0x00000000c1a00000| Untracked 
|  27|0x00000000c1b00000, 0x00000000c1b00000, 0x00000000c1c00000|  0%| F|  |TAMS 0x00000000c1b00000, 0x00000000c1b00000| Untracked 
|  28|0x00000000c1c00000, 0x00000000c1c00000, 0x00000000c1d00000|  0%| F|  |TAMS 0x00000000c1c00000, 0x00000000c1c00000| Untracked 
|  29|0x00000000c1d00000, 0x00000000c1d00000, 0x00000000c1e00000|  0%| F|  |TAMS 0x00000000c1d00000, 0x00000000c1d00000| Untracked 
|  30|0x00000000c1e00000, 0x00000000c1e00000, 0x00000000c1f00000|  0%| F|  |TAMS 0x00000000c1e00000, 0x00000000c1e00000| Untracked 
|  31|0x00000000c1f00000, 0x00000000c1f00000, 0x00000000c2000000|  0%| F|  |TAMS 0x00000000c1f00000, 0x00000000c1f00000| Untracked 
|  32|0x00000000c2000000, 0x00000000c2000000, 0x00000000c2100000|  0%| F|  |TAMS 0x00000000c2000000, 0x00000000c2000000| Untracked 
|  33|0x00000000c2100000, 0x00000000c2100000, 0x00000000c2200000|  0%| F|  |TAMS 0x00000000c2100000, 0x00000000c2100000| Untracked 
|  34|0x00000000c2200000, 0x00000000c2200000, 0x00000000c2300000|  0%| F|  |TAMS 0x00000000c2200000, 0x00000000c2200000| Untracked 
|  35|0x00000000c2300000, 0x00000000c2300000, 0x00000000c2400000|  0%| F|  |TAMS 0x00000000c2300000, 0x00000000c2300000| Untracked 
|  36|0x00000000c2400000, 0x00000000c2400000, 0x00000000c2500000|  0%| F|  |TAMS 0x00000000c2400000, 0x00000000c2400000| Untracked 
|  37|0x00000000c2500000, 0x00000000c2500000, 0x00000000c2600000|  0%| F|  |TAMS 0x00000000c2500000, 0x00000000c2500000| Untracked 
|  38|0x00000000c2600000, 0x00000000c2600000, 0x00000000c2700000|  0%| F|  |TAMS 0x00000000c2600000, 0x00000000c2600000| Untracked 
|  39|0x00000000c2700000, 0x00000000c2700000, 0x00000000c2800000|  0%| F|  |TAMS 0x00000000c2700000, 0x00000000c2700000| Untracked 
|  40|0x00000000c2800000, 0x00000000c2800000, 0x00000000c2900000|  0%| F|  |TAMS 0x00000000c2800000, 0x00000000c2800000| Untracked 
|  41|0x00000000c2900000, 0x00000000c2900000, 0x00000000c2a00000|  0%| F|  |TAMS 0x00000000c2900000, 0x00000000c2900000| Untracked 
|  42|0x00000000c2a00000, 0x00000000c2a00000, 0x00000000c2b00000|  0%| F|  |TAMS 0x00000000c2a00000, 0x00000000c2a00000| Untracked 
|  43|0x00000000c2b00000, 0x00000000c2b00000, 0x00000000c2c00000|  0%| F|  |TAMS 0x00000000c2b00000, 0x00000000c2b00000| Untracked 
|  44|0x00000000c2c00000, 0x00000000c2c00000, 0x00000000c2d00000|  0%| F|  |TAMS 0x00000000c2c00000, 0x00000000c2c00000| Untracked 
|  45|0x00000000c2d00000, 0x00000000c2d00000, 0x00000000c2e00000|  0%| F|  |TAMS 0x00000000c2d00000, 0x00000000c2d00000| Untracked 
|  46|0x00000000c2e00000, 0x00000000c2e00000, 0x00000000c2f00000|  0%| F|  |TAMS 0x00000000c2e00000, 0x00000000c2e00000| Untracked 
|  47|0x00000000c2f00000, 0x00000000c2f00000, 0x00000000c3000000|  0%| F|  |TAMS 0x00000000c2f00000, 0x00000000c2f00000| Untracked 
|  48|0x00000000c3000000, 0x00000000c3000000, 0x00000000c3100000|  0%| F|  |TAMS 0x00000000c3000000, 0x00000000c3000000| Untracked 
|  49|0x00000000c3100000, 0x00000000c3100000, 0x00000000c3200000|  0%| F|  |TAMS 0x00000000c3100000, 0x00000000c3100000| Untracked 
|  50|0x00000000c3200000, 0x00000000c3200000, 0x00000000c3300000|  0%| F|  |TAMS 0x00000000c3200000, 0x00000000c3200000| Untracked 
|  51|0x00000000c3300000, 0x00000000c3300000, 0x00000000c3400000|  0%| F|  |TAMS 0x00000000c3300000, 0x00000000c3300000| Untracked 
|  52|0x00000000c3400000, 0x00000000c3400000, 0x00000000c3500000|  0%| F|  |TAMS 0x00000000c3400000, 0x00000000c3400000| Untracked 
|  53|0x00000000c3500000, 0x00000000c3500000, 0x00000000c3600000|  0%| F|  |TAMS 0x00000000c3500000, 0x00000000c3500000| Untracked 
|  54|0x00000000c3600000, 0x00000000c3600000, 0x00000000c3700000|  0%| F|  |TAMS 0x00000000c3600000, 0x00000000c3600000| Untracked 
|  55|0x00000000c3700000, 0x00000000c3700000, 0x00000000c3800000|  0%| F|  |TAMS 0x00000000c3700000, 0x00000000c3700000| Untracked 
|  56|0x00000000c3800000, 0x00000000c3800000, 0x00000000c3900000|  0%| F|  |TAMS 0x00000000c3800000, 0x00000000c3800000| Untracked 
|  57|0x00000000c3900000, 0x00000000c3900000, 0x00000000c3a00000|  0%| F|  |TAMS 0x00000000c3900000, 0x00000000c3900000| Untracked 
|  58|0x00000000c3a00000, 0x00000000c3a00000, 0x00000000c3b00000|  0%| F|  |TAMS 0x00000000c3a00000, 0x00000000c3a00000| Untracked 
|  59|0x00000000c3b00000, 0x00000000c3b00000, 0x00000000c3c00000|  0%| F|  |TAMS 0x00000000c3b00000, 0x00000000c3b00000| Untracked 
|  60|0x00000000c3c00000, 0x00000000c3c00000, 0x00000000c3d00000|  0%| F|  |TAMS 0x00000000c3c00000, 0x00000000c3c00000| Untracked 
|  61|0x00000000c3d00000, 0x00000000c3d00000, 0x00000000c3e00000|  0%| F|  |TAMS 0x00000000c3d00000, 0x00000000c3d00000| Untracked 
|  62|0x00000000c3e00000, 0x00000000c3e00000, 0x00000000c3f00000|  0%| F|  |TAMS 0x00000000c3e00000, 0x00000000c3e00000| Untracked 
|  63|0x00000000c3f00000, 0x00000000c3f8f690, 0x00000000c4000000| 56%| E|  |TAMS 0x00000000c3f00000, 0x00000000c3f00000| Complete 

Card table byte_map: [0x0000000015480000,0x0000000015680000] _byte_map_base: 0x0000000014e80000

Marking Bits (Prev, Next): (CMBitMap*) 0x0000000002a8df48, (CMBitMap*) 0x0000000002a8df80
 Prev Bits: [0x0000000015880000, 0x0000000016880000)
 Next Bits: [0x0000000016880000, 0x0000000017880000)

Polling page: 0x00000000001f0000

Metaspace:

Usage:
  Non-class:      1.38 MB capacity,     1.35 MB ( 98%) used,    27.52 KB (  2%) free+waste,     1.50 KB ( <1%) overhead. 
      Class:    384.00 KB capacity,   119.45 KB ( 31%) used,   264.49 KB ( 69%) free+waste,    64 bytes ( <1%) overhead. 
       Both:      1.76 MB capacity,     1.47 MB ( 84%) used,   292.01 KB ( 16%) free+waste,     1.56 KB ( <1%) overhead. 

Virtual space:
  Non-class space:       12.00 MB reserved,       1.50 MB ( 13%) committed 
      Class space:        1.00 GB reserved,     384.00 KB ( <1%) committed 
             Both:        1.01 GB reserved,       1.88 MB ( <1%) committed 

Chunk freelists:
   Non-Class:  56.00 KB
       Class:  0 bytes
        Both:  56.00 KB

MaxMetaspaceSize: 17179869184.00 GB
CompressedClassSpaceSize: 1.00 GB

CodeHeap 'non-profiled nmethods': size=120064Kb used=0Kb max_used=0Kb free=120064Kb
 bounds [0x000000000dd40000, 0x000000000dfb0000, 0x0000000015280000]
CodeHeap 'profiled nmethods': size=120000Kb used=0Kb max_used=0Kb free=120000Kb
 bounds [0x0000000006810000, 0x0000000006a80000, 0x000000000dd40000]
CodeHeap 'non-nmethods': size=5696Kb used=349Kb max_used=349Kb free=5346Kb
 bounds [0x0000000006280000, 0x00000000064f0000, 0x0000000006810000]
 total_blobs=391 nmethods=0 adapters=93
 compilation: enabled
              stopped_count=0, restarted_count=0
 full_count=0

Compilation events (0 events):
No events

GC Heap History (0 events):
No events

Deoptimization events (0 events):
No events

Classes redefined (0 events):
No events

Internal exceptions (0 events):
No events

Events (20 events):
Event: 0.116 loading class jdk/internal/ref/Cleaner
Event: 0.117 loading class jdk/internal/ref/Cleaner done
Event: 0.117 loading class java/lang/ref/ReferenceQueue
Event: 0.117 loading class java/lang/ref/ReferenceQueue done
Event: 0.117 loading class java/lang/ref/ReferenceQueue$Null
Event: 0.117 loading class java/lang/ref/ReferenceQueue$Null done
Event: 0.117 loading class java/lang/ref/ReferenceQueue$Lock
Event: 0.117 loading class java/lang/ref/ReferenceQueue$Lock done
Event: 0.117 Thread 0x000000001a22f000 Thread added: 0x000000001a22f000
Event: 0.117 loading class java/lang/ref/Reference$1
Event: 0.117 loading class jdk/internal/misc/JavaLangRefAccess
Event: 0.118 loading class jdk/internal/misc/JavaLangRefAccess done
Event: 0.118 loading class java/lang/ref/Reference$1 done
Event: 0.118 loading class jdk/internal/misc/SharedSecrets
Event: 0.118 loading class jdk/internal/misc/SharedSecrets done
Event: 0.118 loading class java/lang/ref/Finalizer$FinalizerThread
Event: 0.118 loading class java/lang/ref/Finalizer$FinalizerThread done
Event: 0.118 Thread 0x000000001a238800 Thread added: 0x000000001a238800
Event: 0.119 loading class jdk/internal/misc/VM
Event: 0.119 loading class jdk/internal/misc/VM done


Dynamic libraries:
0x00007ff64e5d0000 - 0x00007ff64e5da000 	C:\Program Files\JetBrains\PyCharm Community Edition 2020.1.3\jbr\bin\java.exe
0x00007fffd4e80000 - 0x00007fffd5070000 	C:\WINDOWS\SYSTEM32\ntdll.dll
0x00007fffd3bb0000 - 0x00007fffd3c62000 	C:\WINDOWS\System32\KERNEL32.DLL
0x00007fffd2ad0000 - 0x00007fffd2d74000 	C:\WINDOWS\System32\KERNELBASE.dll
0x00007fffd2880000 - 0x00007fffd297a000 	C:\WINDOWS\System32\ucrtbase.dll
0x00007fffce5a0000 - 0x00007fffce5b9000 	C:\Program Files\JetBrains\PyCharm Community Edition 2020.1.3\jbr\bin\jli.dll
0x00007fffd40b0000 - 0x00007fffd4245000 	C:\WINDOWS\System32\USER32.dll
0x00007fffcdc90000 - 0x00007fffcdca7000 	C:\Program Files\JetBrains\PyCharm Community Edition 2020.1.3\jbr\bin\VCRUNTIME140.dll
0x00007fffd1fd0000 - 0x00007fffd1ff1000 	C:\WINDOWS\System32\win32u.dll
0x00007fffd3b70000 - 0x00007fffd3b96000 	C:\WINDOWS\System32\GDI32.dll
0x00007fffd1e00000 - 0x00007fffd1f96000 	C:\WINDOWS\System32\gdi32full.dll
0x00007fffd2d80000 - 0x00007fffd2e1e000 	C:\WINDOWS\System32\msvcp_win.dll
0x00007fffc9ff0000 - 0x00007fffca274000 	C:\WINDOWS\WinSxS\amd64_microsoft.windows.common-controls_6595b64144ccf1df_6.0.18362.1016_none_9e7a36bbe461dae4\COMCTL32.dll
0x00007fffd2f70000 - 0x00007fffd300e000 	C:\WINDOWS\System32\msvcrt.dll
0x00007fffd3090000 - 0x00007fffd33c5000 	C:\WINDOWS\System32\combase.dll
0x00007fffd3de0000 - 0x00007fffd3f00000 	C:\WINDOWS\System32\RPCRT4.dll
0x00007fffd2790000 - 0x00007fffd2810000 	C:\WINDOWS\System32\bcryptPrimitives.dll
0x00007fffd2f40000 - 0x00007fffd2f6e000 	C:\WINDOWS\System32\IMM32.DLL
0x00007fffb8820000 - 0x00007fffb88bd000 	C:\Program Files\JetBrains\PyCharm Community Edition 2020.1.3\jbr\bin\msvcp140.dll
0x00007fff8c730000 - 0x00007fff8d1eb000 	C:\Program Files\JetBrains\PyCharm Community Edition 2020.1.3\jbr\bin\server\jvm.dll
0x00007fffd33d0000 - 0x00007fffd3473000 	C:\WINDOWS\System32\ADVAPI32.dll
0x00007fffd3c70000 - 0x00007fffd3d07000 	C:\WINDOWS\System32\sechost.dll
0x00007fffd4250000 - 0x00007fffd4258000 	C:\WINDOWS\System32\PSAPI.DLL
0x00007fffce9d0000 - 0x00007fffce9f4000 	C:\WINDOWS\SYSTEM32\WINMM.dll
0x00007fffca290000 - 0x00007fffca29a000 	C:\WINDOWS\SYSTEM32\VERSION.dll
0x00007fffce9a0000 - 0x00007fffce9cd000 	C:\WINDOWS\SYSTEM32\WINMMBASE.dll
0x00007fffd2810000 - 0x00007fffd285a000 	C:\WINDOWS\System32\cfgmgr32.dll
0x00007fffc0df0000 - 0x00007fffc0df9000 	C:\WINDOWS\SYSTEM32\WSOCK32.dll
0x00007fffd4370000 - 0x00007fffd43df000 	C:\WINDOWS\System32\WS2_32.dll
0x00007fffd1d40000 - 0x00007fffd1d51000 	C:\WINDOWS\System32\kernel.appcore.dll
0x00007fffcd7b0000 - 0x00007fffcd7c1000 	C:\Program Files\JetBrains\PyCharm Community Edition 2020.1.3\jbr\bin\verify.dll
0x00007fffb0550000 - 0x00007fffb0744000 	C:\WINDOWS\SYSTEM32\DBGHELP.DLL
0x00007fffb5200000 - 0x00007fffb522a000 	C:\WINDOWS\SYSTEM32\dbgcore.DLL
0x00007fffcd780000 - 0x00007fffcd7a9000 	C:\Program Files\JetBrains\PyCharm Community Edition 2020.1.3\jbr\bin\java.dll
0x00007fffb89d0000 - 0x00007fffb89e8000 	C:\Program Files\JetBrains\PyCharm Community Edition 2020.1.3\jbr\bin\zip.dll
0x00007fffcd770000 - 0x00007fffcd77b000 	C:\Program Files\JetBrains\PyCharm Community Edition 2020.1.3\jbr\bin\jimage.dll

dbghelp: loaded successfully - version: 4.0.5 - missing functions: none
symbol engine: initialized successfully - sym options: 0x614 - pdb path: .;C:\Program Files\JetBrains\PyCharm Community Edition 2020.1.3\jbr\bin;C:\WINDOWS\SYSTEM32;C:\WINDOWS\WinSxS\amd64_microsoft.windows.common-controls_6595b64144ccf1df_6.0.18362.1016_none_9e7a36bbe461dae4;C:\Program Files\JetBrains\PyCharm Community Edition 2020.1.3\jbr\bin\server

VM Arguments:
java_command: org.jetbrains.git4idea.http.GitAskPassApp Username for 'https://github.com': 
java_class_path (initial): C:/Program Files/JetBrains/PyCharm Community Edition 2020.1.3/plugins/git4idea/lib/git4idea-rt.jar;C:/Program Files/JetBrains/PyCharm Community Edition 2020.1.3/lib/xmlrpc-2.0.1.jar;C:/Program Files/JetBrains/PyCharm Community Edition 2020.1.3/lib/commons-codec-1.14.jar
Launcher Type: SUN_STANDARD

[Global flags]
     intx CICompilerCount                          = 3                                         {product} {ergonomic}
     uint ConcGCThreads                            = 1                                         {product} {ergonomic}
     uint G1ConcRefinementThreads                  = 4                                         {product} {ergonomic}
   size_t G1HeapRegionSize                         = 1048576                                   {product} {ergonomic}
    uintx GCDrainStackTargetSize                   = 64                                        {product} {ergonomic}
   size_t InitialHeapSize                          = 67108864                                  {product} {ergonomic}
   size_t MarkStackSize                            = 4194304                                   {product} {ergonomic}
   size_t MaxHeapSize                              = 1073741824                                {product} {ergonomic}
   size_t MaxNewSize                               = 643825664                                 {product} {ergonomic}
   size_t MinHeapDeltaBytes                        = 1048576                                   {product} {ergonomic}
    uintx NonNMethodCodeHeapSize                   = 5830732                                {pd product} {ergonomic}
    uintx NonProfiledCodeHeapSize                  = 122913754                              {pd product} {ergonomic}
    uintx ProfiledCodeHeapSize                     = 122913754                              {pd product} {ergonomic}
    uintx ReservedCodeCacheSize                    = 251658240                              {pd product} {ergonomic}
     bool SegmentedCodeCache                       = true                                      {product} {ergonomic}
     bool UseCompressedClassPointers               = true                                 {lp64_product} {ergonomic}
     bool UseCompressedOops                        = true                                 {lp64_product} {ergonomic}
     bool UseG1GC                                  = true                                      {product} {ergonomic}
     bool UseLargePagesIndividualAllocation        = false                                  {pd product} {ergonomic}

Logging:
Log output configuration:
 #0: stdout all=warning uptime,level,tags
 #1: stderr all=off uptime,level,tags

Environment Variables:
PATH=C:\Program Files\Git\mingw64\libexec\git-core;C:\Program Files\Git\mingw64\libexec\git-core;C:\Program Files\Git\mingw64\bin;C:\Program Files\Git\usr\bin;C:\Users\Ashman\bin;C:\Python38\Scripts;C:\Python38;C:\Program Files (x86)\NVIDIA Corporation\PhysX\Common;C:\WINDOWS\system32;C:\WINDOWS;C:\WINDOWS\System32\Wbem;C:\WINDOWS\System32\WindowsPowerShell\v1.0;C:\Program Files\Common Files\Autodesk Shared;C:\Program Files (x86)\Microsoft SQL Server\100\Tools\Binn;C:\Program Files\Microsoft SQL Server\100\Tools\Binn;C:\Program Files (x86)\Microsoft SQL Server\100\Tools\Binn\VSShell\Common7\IDE;C:\Program Files (x86)\Microsoft SQL Server\100\DTS\Binn;C:\WINDOWS\System32\OpenSSH;C:\ProgramData\chocolatey\bin;C:\Program Files\Git\cmd;C:\Users\Ashman\AppData\Local\Programs\Python\Python38-32\Scripts;C:\Users\Ashman\AppData\Local\Programs\Python\Python38-32;C:\Users\Ashman\AppData\Local\Programs\Python\Launcher;C:\Users\Ashman\AppData\Local\Microsoft\WindowsApps;C:\Users\Ashman\AppData\Local\Programs\Microsoft VS Code\bin;C:\Program Files\JetBrains\PyCharm Community Edition 2020.1.3\bin
USERNAME=Игорь
DISPLAY=:0.0
OS=Windows_NT
PROCESSOR_IDENTIFIER=Intel64 Family 6 Model 23 Stepping 10, GenuineIntel



---------------  S Y S T E M  ---------------

OS: Windows 10 , 64 bit Build 18362 (10.0.18362.959)
OS uptime: 1 days 2:28 hours

CPU:total 4 (initial active 4) (4 cores per cpu, 1 threads per core) family 6 model 23 stepping 10, cmov, cx8, fxsr, mmx, sse, sse2, sse3, ssse3, sse4.1, tsc

Memory: 4k page, system-wide physical 4095M (394M free)
TotalPageFile size 4095M (AvailPageFile size 3M)
current process WorkingSet (physical memory assigned to process): 19M, peak: 19M
current process commit charge ("private bytes"): 122M, peak: 123M

vm_info: OpenJDK 64-Bit Server VM (11.0.7+10-b944.20) for windows-amd64 JRE (11.0.7+10-b944.20), built on Jul 11 2020 03:30:56 by "" with MS VC++ 14.0 (VS2015)

END.
