#
# There is insufficient memory for the Java Runtime Environment to continue.
# Native memory allocation (mmap) failed to map 67108864 bytes for Failed to commit area from 0x00000000c0000000 to 0x00000000c4000000 of length 67108864.
# Possible reasons:
#   The system is out of physical RAM or swap space
#   The process is running with CompressedOops enabled, and the Java Heap may be blocking the growth of the native heap
# Possible solutions:
#   Reduce memory load on the system
#   Increase physical memory or swap space
#   Check if swap backing store is full
#   Decrease Java heap size (-Xmx/-Xms)
#   Decrease number of Java threads
#   Decrease Java thread stack sizes (-Xss)
#   Set larger code cache with -XX:ReservedCodeCacheSize=
# This output file may be truncated or incomplete.
#
#  Out of Memory Error (./src/hotspot/os/windows/os_windows.cpp:3303), pid=5848, tid=1260
#
# JRE version:  (11.0.7+10) (build )
# Java VM: OpenJDK 64-Bit Server VM (11.0.7+10-b944.20, mixed mode, sharing, tiered, compressed oops, g1 gc, windows-amd64)
# No core dump will be written. Minidumps are not enabled by default on client versions of Windows
#

---------------  S U M M A R Y ------------

Command Line: org.jetbrains.git4idea.http.GitAskPassApp Username for 'https://github.com': 

Host: Intel(R) Core(TM)2 Quad CPU    Q9500  @ 2.83GHz, 4 cores, 3G,  Windows 10 , 64 bit Build 18362 (10.0.18362.959)
Time: Tue Sep  1 13:03:08 2020 RTZ 2 (ceia) elapsed time: 0 seconds (0d 0h 0m 0s)

---------------  T H R E A D  ---------------

Current thread (0x000000000299c000):  JavaThread "Unknown thread" [_thread_in_vm, id=1260, stack(0x0000000002070000,0x0000000002170000)]

Stack: [0x0000000002070000,0x0000000002170000]
Native frames: (J=compiled Java code, j=interpreted, Vv=VM code, C=native code)
V  [jvm.dll+0x5ddcca]
V  [jvm.dll+0x7115d5]
V  [jvm.dll+0x712b2d]
V  [jvm.dll+0x7131e3]
V  [jvm.dll+0x23e3a8]
V  [jvm.dll+0x5db184]
V  [jvm.dll+0x5d0305]
V  [jvm.dll+0x2fb2ab]
V  [jvm.dll+0x2fb21a]
V  [jvm.dll+0x2fb0f2]
V  [jvm.dll+0x2fffd6]
V  [jvm.dll+0x3485d3]
V  [jvm.dll+0x348cd6]
V  [jvm.dll+0x3486d3]
V  [jvm.dll+0x2d5b38]
V  [jvm.dll+0x2d6cd7]
V  [jvm.dll+0x6f05d7]
V  [jvm.dll+0x6f1dcc]
V  [jvm.dll+0x355b89]
V  [jvm.dll+0x6d43ae]
V  [jvm.dll+0x3bdc13]
V  [jvm.dll+0x3bfe61]
C  [jli.dll+0x5363]
C  [ucrtbase.dll+0x20e82]
C  [KERNEL32.DLL+0x17bd4]
C  [ntdll.dll+0x6ce51]


---------------  P R O C E S S  ---------------

Threads class SMR info:
_java_thread_list=0x0000000000427750, length=0, elements={
}

Java Threads: ( => current thread )

Other Threads:
  0x00000000029b7000 GCTaskThread "GC Thread#0" [stack: 0x0000000002370000,0x0000000002470000] [id=728]
  0x00000000029d5000 ConcurrentGCThread "G1 Main Marker" [stack: 0x00000000177c0000,0x00000000178c0000] [id=6212]
  0x00000000029d6800 ConcurrentGCThread "G1 Conc#0" [stack: 0x00000000178c0000,0x00000000179c0000] [id=13236]

[error occurred during error reporting (printing all threads), id 0xc0000005, EXCEPTION_ACCESS_VIOLATION (0xc0000005) at pc=0x00007fff8ca161a7]

VM state:not at safepoint (not fully initialized)

VM Mutex/Monitor currently owned by a thread:  ([mutex/lock_event])
[0x000000000299a440] Heap_lock - owner thread: 0x000000000299c000

Heap address: 0x00000000c0000000, size: 1024 MB, Compressed Oops mode: Non-zero based: 0x00000000c0000000
Narrow klass base: 0x0000000000000000, Narrow klass shift: 0

GC Heap History (0 events):
No events

Deoptimization events (0 events):
No events

Classes redefined (0 events):
No events

Internal exceptions (0 events):
No events

Events (2 events):
Event: 0.011 Loaded shared library C:\Program Files\JetBrains\PyCharm Community Edition 2020.1.3\jbr\bin\zip.dll
Event: 0.012 Loaded shared library C:\Program Files\JetBrains\PyCharm Community Edition 2020.1.3\jbr\bin\jimage.dll


Dynamic libraries:
0x00007ff79e090000 - 0x00007ff79e09a000 	C:\Program Files\JetBrains\PyCharm Community Edition 2020.1.3\jbr\bin\java.exe
0x00007fffd4e80000 - 0x00007fffd5070000 	C:\WINDOWS\SYSTEM32\ntdll.dll
0x00007fffd3bb0000 - 0x00007fffd3c62000 	C:\WINDOWS\System32\KERNEL32.DLL
0x00007fffd2ad0000 - 0x00007fffd2d74000 	C:\WINDOWS\System32\KERNELBASE.dll
0x00007fffd2880000 - 0x00007fffd297a000 	C:\WINDOWS\System32\ucrtbase.dll
0x00007fffc8120000 - 0x00007fffc8137000 	C:\Program Files\JetBrains\PyCharm Community Edition 2020.1.3\jbr\bin\VCRUNTIME140.dll
0x00007fffc7fe0000 - 0x00007fffc7ff9000 	C:\Program Files\JetBrains\PyCharm Community Edition 2020.1.3\jbr\bin\jli.dll
0x00007fffd40b0000 - 0x00007fffd4245000 	C:\WINDOWS\System32\USER32.dll
0x00007fffd1fd0000 - 0x00007fffd1ff1000 	C:\WINDOWS\System32\win32u.dll
0x00007fffc9ff0000 - 0x00007fffca274000 	C:\WINDOWS\WinSxS\amd64_microsoft.windows.common-controls_6595b64144ccf1df_6.0.18362.1016_none_9e7a36bbe461dae4\COMCTL32.dll
0x00007fffd3b70000 - 0x00007fffd3b96000 	C:\WINDOWS\System32\GDI32.dll
0x00007fffd2f70000 - 0x00007fffd300e000 	C:\WINDOWS\System32\msvcrt.dll
0x00007fffd1e00000 - 0x00007fffd1f96000 	C:\WINDOWS\System32\gdi32full.dll
0x00007fffd2d80000 - 0x00007fffd2e1e000 	C:\WINDOWS\System32\msvcp_win.dll
0x00007fffd3090000 - 0x00007fffd33c5000 	C:\WINDOWS\System32\combase.dll
0x00007fffd3de0000 - 0x00007fffd3f00000 	C:\WINDOWS\System32\RPCRT4.dll
0x00007fffd2790000 - 0x00007fffd2810000 	C:\WINDOWS\System32\bcryptPrimitives.dll
0x00007fffd2f40000 - 0x00007fffd2f6e000 	C:\WINDOWS\System32\IMM32.DLL
0x00007fffb7df0000 - 0x00007fffb7e8d000 	C:\Program Files\JetBrains\PyCharm Community Edition 2020.1.3\jbr\bin\msvcp140.dll
0x00007fff8c730000 - 0x00007fff8d1eb000 	C:\Program Files\JetBrains\PyCharm Community Edition 2020.1.3\jbr\bin\server\jvm.dll
0x00007fffd33d0000 - 0x00007fffd3473000 	C:\WINDOWS\System32\ADVAPI32.dll
0x00007fffd3c70000 - 0x00007fffd3d07000 	C:\WINDOWS\System32\sechost.dll
0x00007fffd4250000 - 0x00007fffd4258000 	C:\WINDOWS\System32\PSAPI.DLL
0x00007fffc0df0000 - 0x00007fffc0df9000 	C:\WINDOWS\SYSTEM32\WSOCK32.dll
0x00007fffce9d0000 - 0x00007fffce9f4000 	C:\WINDOWS\SYSTEM32\WINMM.dll
0x00007fffd4370000 - 0x00007fffd43df000 	C:\WINDOWS\System32\WS2_32.dll
0x00007fffca290000 - 0x00007fffca29a000 	C:\WINDOWS\SYSTEM32\VERSION.dll
0x00007fffce9a0000 - 0x00007fffce9cd000 	C:\WINDOWS\SYSTEM32\WINMMBASE.dll
0x00007fffd2810000 - 0x00007fffd285a000 	C:\WINDOWS\System32\cfgmgr32.dll
0x00007fffd1d40000 - 0x00007fffd1d51000 	C:\WINDOWS\System32\kernel.appcore.dll
0x00007fffcd7b0000 - 0x00007fffcd7c1000 	C:\Program Files\JetBrains\PyCharm Community Edition 2020.1.3\jbr\bin\verify.dll
0x00007fffb0550000 - 0x00007fffb0744000 	C:\WINDOWS\SYSTEM32\DBGHELP.DLL
0x00007fffb5200000 - 0x00007fffb522a000 	C:\WINDOWS\SYSTEM32\dbgcore.DLL
0x00007fffcd780000 - 0x00007fffcd7a9000 	C:\Program Files\JetBrains\PyCharm Community Edition 2020.1.3\jbr\bin\java.dll
0x00007fffb89d0000 - 0x00007fffb89e8000 	C:\Program Files\JetBrains\PyCharm Community Edition 2020.1.3\jbr\bin\zip.dll
0x00007fffcd770000 - 0x00007fffcd77b000 	C:\Program Files\JetBrains\PyCharm Community Edition 2020.1.3\jbr\bin\jimage.dll

dbghelp: loaded successfully - version: 4.0.5 - missing functions: none
symbol engine: initialized successfully - sym options: 0x614 - pdb path: .;C:\Program Files\JetBrains\PyCharm Community Edition 2020.1.3\jbr\bin;C:\WINDOWS\SYSTEM32;C:\WINDOWS\WinSxS\amd64_microsoft.windows.common-controls_6595b64144ccf1df_6.0.18362.1016_none_9e7a36bbe461dae4;C:\Program Files\JetBrains\PyCharm Community Edition 2020.1.3\jbr\bin\server

VM Arguments:
java_command: org.jetbrains.git4idea.http.GitAskPassApp Username for 'https://github.com': 
java_class_path (initial): C:/Program Files/JetBrains/PyCharm Community Edition 2020.1.3/plugins/git4idea/lib/git4idea-rt.jar;C:/Program Files/JetBrains/PyCharm Community Edition 2020.1.3/lib/xmlrpc-2.0.1.jar;C:/Program Files/JetBrains/PyCharm Community Edition 2020.1.3/lib/commons-codec-1.14.jar
Launcher Type: SUN_STANDARD

[Global flags]
     intx CICompilerCount                          = 3                                         {product} {ergonomic}
     uint ConcGCThreads                            = 1                                         {product} {ergonomic}
     uint G1ConcRefinementThreads                  = 4                                         {product} {ergonomic}
   size_t G1HeapRegionSize                         = 1048576                                   {product} {ergonomic}
    uintx GCDrainStackTargetSize                   = 64                                        {product} {ergonomic}
   size_t InitialHeapSize                          = 67108864                                  {product} {ergonomic}
   size_t MarkStackSize                            = 4194304                                   {product} {ergonomic}
   size_t MaxHeapSize                              = 1073741824                                {product} {ergonomic}
   size_t MinHeapDeltaBytes                        = 1048576                                   {product} {ergonomic}
    uintx NonNMethodCodeHeapSize                   = 5830732                                {pd product} {ergonomic}
    uintx NonProfiledCodeHeapSize                  = 122913754                              {pd product} {ergonomic}
    uintx ProfiledCodeHeapSize                     = 122913754                              {pd product} {ergonomic}
    uintx ReservedCodeCacheSize                    = 251658240                              {pd product} {ergonomic}
     bool SegmentedCodeCache                       = true                                      {product} {ergonomic}
     bool UseCompressedClassPointers               = true                                 {lp64_product} {ergonomic}
     bool UseCompressedOops                        = true                                 {lp64_product} {ergonomic}
     bool UseG1GC                                  = true                                      {product} {ergonomic}
     bool UseLargePagesIndividualAllocation        = false                                  {pd product} {ergonomic}

Logging:
Log output configuration:
 #0: stdout all=warning uptime,level,tags
 #1: stderr all=off uptime,level,tags

Environment Variables:
PATH=C:\Program Files\Git\mingw64\libexec\git-core;C:\Program Files\Git\mingw64\libexec\git-core;C:\Program Files\Git\mingw64\bin;C:\Program Files\Git\usr\bin;C:\Users\Ashman\bin;C:\Python38\Scripts;C:\Python38;C:\Program Files (x86)\NVIDIA Corporation\PhysX\Common;C:\WINDOWS\system32;C:\WINDOWS;C:\WINDOWS\System32\Wbem;C:\WINDOWS\System32\WindowsPowerShell\v1.0;C:\Program Files\Common Files\Autodesk Shared;C:\Program Files (x86)\Microsoft SQL Server\100\Tools\Binn;C:\Program Files\Microsoft SQL Server\100\Tools\Binn;C:\Program Files (x86)\Microsoft SQL Server\100\Tools\Binn\VSShell\Common7\IDE;C:\Program Files (x86)\Microsoft SQL Server\100\DTS\Binn;C:\WINDOWS\System32\OpenSSH;C:\ProgramData\chocolatey\bin;C:\Program Files\Git\cmd;C:\Users\Ashman\AppData\Local\Programs\Python\Python38-32\Scripts;C:\Users\Ashman\AppData\Local\Programs\Python\Python38-32;C:\Users\Ashman\AppData\Local\Programs\Python\Launcher;C:\Users\Ashman\AppData\Local\Microsoft\WindowsApps;C:\Users\Ashman\AppData\Local\Programs\Microsoft VS Code\bin;C:\Program Files\JetBrains\PyCharm Community Edition 2020.1.3\bin
USERNAME=Игорь
DISPLAY=:0.0
OS=Windows_NT
PROCESSOR_IDENTIFIER=Intel64 Family 6 Model 23 Stepping 10, GenuineIntel



---------------  S Y S T E M  ---------------

OS: Windows 10 , 64 bit Build 18362 (10.0.18362.959)
OS uptime: 1 days 1:28 hours

CPU:total 4 (initial active 4) (4 cores per cpu, 1 threads per core) family 6 model 23 stepping 10, cmov, cx8, fxsr, mmx, sse, sse2, sse3, ssse3, sse4.1, tsc

Memory: 4k page, system-wide physical 4095M (409M free)
TotalPageFile size 4095M (AvailPageFile size 52M)
current process WorkingSet (physical memory assigned to process): 9M, peak: 9M
current process commit charge ("private bytes"): 51M, peak: 115M

vm_info: OpenJDK 64-Bit Server VM (11.0.7+10-b944.20) for windows-amd64 JRE (11.0.7+10-b944.20), built on Jul 11 2020 03:30:56 by "" with MS VC++ 14.0 (VS2015)

END.
